[2025-10-22T08:41:31.892Z] Incoming request: POST /api/reminders/bookmark-notifications
[2025-10-22T09:01:02.205Z] Incoming request: POST /api/reminders/bookmark-notifications
[2025-10-22T09:04:49.562Z] Incoming request: POST /api/reminders/bookmark-notifications
[2025-10-22T09:06:32.886Z] Incoming request: POST /api/events/replace
[2025-10-22T09:11:30.409Z] Incoming request: POST /api/reminders/bookmark-notifications
[2025-10-22T09:13:54.892Z] Incoming request: POST /api/users/login
[2025-10-22T09:13:57.817Z] Incoming request: GET /api/users/myevents
[2025-10-22T09:13:57.892Z] Incoming request: GET /api/users/myevents
[2025-10-22T09:14:02.654Z] Incoming request: GET /api/users/me
[2025-10-22T09:14:02.727Z] Incoming request: GET /api/users/me
[2025-10-22T09:14:04.546Z] Incoming request: GET /api/users/notifications
[2025-10-22T09:14:04.607Z] Incoming request: GET /api/users/notifications
[2025-10-22T09:23:58.510Z] Incoming request: POST /api/reminders/bookmark-notifications
[2025-10-22T09:26:03.228Z] Incoming request: POST /api/reminders/send-test
[2025-10-22T09:26:41.426Z] Incoming request: POST /api/reminders/bookmark-notifications
[2025-10-22T09:34:28.749Z] Incoming request: POST /api/events/replace
[2025-10-22T09:34:28.980Z] Incoming request: POST /api/users/myevents/replace
[2025-10-22T09:34:38.916Z] Incoming request: POST /api/reminders/bookmark-notifications
[2025-10-22T09:58:01.972Z] Incoming request: GET /main.f3d0cdc94dfaa614655a.hot-update.json
[2025-10-22T09:58:26.278Z] Incoming request: GET /api/users/me
[2025-10-22T09:58:26.367Z] Incoming request: GET /api/users/me
[2025-10-22T09:59:29.930Z] Incoming request: GET /api/reminders/bookmark-notifications
[2025-10-23T08:33:05.558Z] Incoming request: GET /api/reminders/bookmark-notifications
[2025-10-23T08:34:59.239Z] Incoming request: GET /api/reminders/bookmark-notifications
[2025-10-23T08:36:17.470Z] Incoming request: POST /api/users/register
[2025-10-23T08:36:37.230Z] Incoming request: POST /api/users/login
[2025-10-23T08:36:49.978Z] Incoming request: GET /api/users/myevents
[2025-10-23T08:36:50.019Z] Incoming request: GET /api/users/myevents
[2025-10-23T08:37:27.715Z] Incoming request: POST /api/users/myevents
[2025-10-23T08:37:27.883Z] Incoming request: POST /api/users/notifications
[2025-10-23T08:38:24.095Z] Incoming request: GET /api/users/myevents
[2025-10-23T08:38:24.131Z] Incoming request: GET /api/users/myevents
[2025-10-23T08:38:45.940Z] Incoming request: GET /api/users/myevents
[2025-10-23T08:38:45.972Z] Incoming request: GET /api/users/myevents
[2025-10-23T08:48:04.951Z] Incoming request: GET /
[2025-10-23T09:08:09.702Z] Incoming request: GET /api/events
[2025-10-23T09:08:09.856Z] Incoming request: GET /favicon.ico
[2025-10-23T09:17:25.877Z] Incoming request: GET /api/users/notifications
[2025-10-23T09:17:26.137Z] Incoming request: GET /api/users/notifications
[2025-10-23T09:17:26.195Z] Incoming request: GET /api/users/me
[2025-10-23T09:17:26.509Z] Incoming request: GET /api/users/me
[2025-10-23T09:17:27.273Z] Incoming request: GET /api/users/notifications
[2025-10-23T09:17:27.585Z] Incoming request: GET /api/users/notifications
[2025-10-23T09:18:05.434Z] Incoming request: GET /api/users/me
[2025-10-23T09:18:05.745Z] Incoming request: GET /api/users/me
[2025-10-24T03:03:03.559Z] Incoming request: GET /api/users/myevents
[2025-10-24T03:03:03.608Z] Incoming request: GET /api/users/myevents
[2025-10-24T03:06:53.103Z] Incoming request: GET /api/users/myevents
[2025-10-24T03:06:53.139Z] Incoming request: GET /api/users/myevents
[2025-10-24T03:06:54.976Z] Incoming request: GET /api/users/me
[2025-10-24T03:06:55.290Z] Incoming request: GET /api/users/me
[2025-10-24T03:06:59.614Z] Incoming request: GET /api/users/notifications
[2025-10-24T03:06:59.949Z] Incoming request: GET /api/users/notifications
[2025-10-24T03:07:02.695Z] Incoming request: GET /api/users/myevents
[2025-10-24T03:07:03.020Z] Incoming request: GET /api/users/myevents
[2025-10-24T03:07:04.800Z] Incoming request: GET /api/users/me
[2025-10-24T03:07:05.131Z] Incoming request: GET /api/users/me
[2025-10-24T03:07:07.102Z] Incoming request: GET /api/users/myevents
[2025-10-24T03:07:07.419Z] Incoming request: GET /api/users/myevents
[2025-10-24T03:07:26.870Z] Incoming request: GET /api/users/me
[2025-10-24T03:07:27.132Z] Incoming request: GET /api/users/me
[2025-10-24T03:11:23.452Z] Incoming request: GET /api/users/notifications
[2025-10-24T03:11:23.714Z] Incoming request: GET /api/users/notifications
[2025-10-24T04:18:30.740Z] Incoming request: GET /api/users/myevents
[2025-10-24T04:18:30.763Z] Incoming request: GET /api/users/myevents
[2025-10-24T04:18:32.670Z] Incoming request: GET /api/users/me
[2025-10-24T04:18:32.998Z] Incoming request: GET /api/users/me
[2025-10-24T04:18:34.763Z] Incoming request: GET /api/users/myevents
[2025-10-24T04:18:35.095Z] Incoming request: GET /api/users/myevents
[2025-10-24T04:18:37.817Z] Incoming request: GET /api/users/myevents
[2025-10-24T04:18:38.137Z] Incoming request: GET /api/users/myevents
[2025-10-24T04:18:40.393Z] Incoming request: GET /api/users/me
[2025-10-24T04:18:40.712Z] Incoming request: GET /api/users/me
[2025-10-24T04:20:13.153Z] Incoming request: POST /api/users/login
[2025-10-24T04:20:17.649Z] Incoming request: GET /api/users/myevents
[2025-10-24T04:20:17.700Z] Incoming request: GET /api/users/myevents
[2025-10-24T04:20:19.042Z] Incoming request: GET /api/users/me
[2025-10-24T04:20:19.087Z] Incoming request: GET /api/users/me
[2025-10-24T04:20:20.623Z] Incoming request: GET /api/users/notifications
[2025-10-24T04:20:20.672Z] Incoming request: GET /api/users/notifications
[2025-10-24T04:20:22.665Z] Incoming request: GET /api/users/myevents
[2025-10-24T04:20:22.707Z] Incoming request: GET /api/users/myevents
[2025-10-24T04:20:37.261Z] Incoming request: GET /api/users/me
[2025-10-24T04:20:37.303Z] Incoming request: GET /api/users/me
[2025-10-24T04:49:50.962Z] Incoming request: GET /api/users/me
[2025-10-24T04:49:51.319Z] Incoming request: GET /api/users/me
[2025-10-24T04:51:40.164Z] Incoming request: GET /api/users/me
[2025-10-24T04:51:40.396Z] Incoming request: GET /api/users/me
[2025-10-24T05:02:29.177Z] Incoming request: POST /api/users/login
[2025-10-24T05:02:34.185Z] Incoming request: GET /api/users/myevents
[2025-10-24T05:02:34.231Z] Incoming request: GET /api/users/myevents
[2025-10-24T05:02:36.303Z] Incoming request: GET /api/users/myevents
[2025-10-24T05:02:36.344Z] Incoming request: GET /api/users/myevents
[2025-10-24T05:02:41.392Z] Incoming request: DELETE /api/users/myevents/9
[2025-10-24T05:02:41.510Z] Incoming request: DELETE /api/users/myevents/8
[2025-10-24T05:02:41.599Z] Incoming request: DELETE /api/users/myevents/7
[2025-10-24T05:02:41.682Z] Incoming request: DELETE /api/users/myevents/6
[2025-10-24T05:02:41.757Z] Incoming request: DELETE /api/users/myevents/5
[2025-10-24T05:02:41.828Z] Incoming request: DELETE /api/users/myevents/4
[2025-10-24T05:02:41.904Z] Incoming request: DELETE /api/users/myevents/3
[2025-10-24T05:02:41.976Z] Incoming request: DELETE /api/users/myevents/2
[2025-10-24T05:02:42.053Z] Incoming request: DELETE /api/users/myevents/1
[2025-10-24T05:02:42.131Z] Incoming request: DELETE /api/users/myevents/0
[2025-10-24T05:02:42.217Z] Incoming request: POST /api/users/notifications/read
[2025-10-24T05:02:43.564Z] Incoming request: GET /api/users/notifications
[2025-10-24T05:02:43.609Z] Incoming request: GET /api/users/notifications
[2025-10-24T05:02:47.873Z] Incoming request: GET /api/users/myevents
[2025-10-24T05:02:47.910Z] Incoming request: GET /api/users/myevents
[2025-10-24T05:03:05.443Z] Incoming request: POST /api/users/login
[2025-10-24T05:03:05.725Z] Incoming request: GET /api/users/myevents
[2025-10-24T05:03:05.764Z] Incoming request: GET /api/users/myevents
[2025-10-24T05:03:08.869Z] Incoming request: GET /api/users/notifications
[2025-10-24T05:03:08.910Z] Incoming request: GET /api/users/notifications
[2025-10-24T05:04:04.319Z] Incoming request: GET /api/users/myevents
[2025-10-24T05:04:04.356Z] Incoming request: GET /api/users/myevents
[2025-10-24T05:04:05.981Z] Incoming request: GET /api/users/notifications
[2025-10-24T05:04:06.019Z] Incoming request: GET /api/users/notifications
[2025-10-24T05:04:06.740Z] Incoming request: GET /api/users/me
[2025-10-24T05:04:06.782Z] Incoming request: GET /api/users/me
[2025-10-24T05:04:29.228Z] Incoming request: GET /api/users/myevents
[2025-10-24T05:04:29.263Z] Incoming request: GET /api/users/myevents
[2025-10-24T05:04:32.334Z] Incoming request: GET /api/users/notifications
[2025-10-24T05:04:32.393Z] Incoming request: GET /api/users/notifications
[2025-10-24T05:04:40.422Z] Incoming request: GET /api/users/me
[2025-10-24T05:04:40.459Z] Incoming request: GET /api/users/me
[2025-10-24T05:04:41.759Z] Incoming request: GET /api/users/notifications
[2025-10-24T05:04:41.796Z] Incoming request: GET /api/users/notifications
[2025-10-24T12:39:59.211Z] Incoming request: POST /api/users/login
[2025-10-24T12:40:36.638Z] Incoming request: GET /api/users/myevents
[2025-10-24T12:40:36.903Z] Incoming request: GET /api/users/myevents
[2025-10-25T07:56:06.079Z] Incoming request: GET /api/users/myevents
[2025-10-25T07:56:06.148Z] Incoming request: GET /api/users/myevents
[2025-10-25T07:56:09.202Z] Incoming request: GET /api/users/me
[2025-10-25T07:56:09.469Z] Incoming request: GET /api/users/me
[2025-10-25T07:56:11.029Z] Incoming request: GET /api/users/myevents
[2025-10-25T07:56:11.376Z] Incoming request: GET /api/users/myevents
[2025-10-25T07:56:13.185Z] Incoming request: GET /api/users/notifications
[2025-10-25T07:56:13.530Z] Incoming request: GET /api/users/notifications
[2025-10-25T10:03:10.364Z] Incoming request: GET /api/users/me
[2025-10-25T10:03:10.619Z] Incoming request: GET /api/users/me
[2025-10-25T10:03:13.946Z] Incoming request: GET /api/users/myevents
[2025-10-25T10:03:14.385Z] Incoming request: GET /api/users/myevents
[2025-10-25T10:08:27.149Z] Incoming request: POST /api/users/login
[2025-10-25T10:08:37.606Z] Incoming request: POST /api/users/login
[2025-10-25T10:08:48.017Z] Incoming request: GET /api/users/myevents
[2025-10-25T10:08:48.077Z] Incoming request: GET /api/users/myevents
[2025-10-25T10:08:53.323Z] Incoming request: GET /api/users/notifications
[2025-10-25T10:08:53.431Z] Incoming request: GET /api/users/notifications
[2025-10-25T10:08:54.456Z] Incoming request: GET /api/users/me
[2025-10-25T10:08:54.524Z] Incoming request: GET /api/users/me
[2025-10-25T10:09:49.941Z] Incoming request: GET /api/users/myevents
[2025-10-25T10:09:50.066Z] Incoming request: GET /api/users/myevents
[2025-10-25T10:09:52.082Z] Incoming request: GET /api/users/notifications
[2025-10-25T10:09:52.232Z] Incoming request: GET /api/users/notifications
[2025-10-25T10:09:53.239Z] Incoming request: GET /api/users/me
[2025-10-25T10:09:53.359Z] Incoming request: GET /api/users/me
[2025-10-25T10:18:43.956Z] Incoming request: GET /api/users/myevents
[2025-10-25T10:18:44.031Z] Incoming request: GET /api/users/myevents
[2025-10-25T10:18:47.171Z] Incoming request: GET /api/users/myevents
[2025-10-25T10:18:47.302Z] Incoming request: GET /api/users/myevents
[2025-10-25T10:18:54.862Z] Incoming request: GET /api/users/myevents
[2025-10-25T10:18:54.937Z] Incoming request: GET /api/users/myevents
[2025-10-25T10:19:16.217Z] Incoming request: GET /api/users/notifications
[2025-10-25T10:19:16.298Z] Incoming request: GET /api/users/notifications
[2025-10-25T10:19:27.950Z] Incoming request: GET /api/users/me
[2025-10-25T10:19:28.056Z] Incoming request: GET /api/users/me
[2025-10-25T10:21:44.142Z] Incoming request: GET /api/users/notifications
[2025-10-25T10:21:44.209Z] Incoming request: GET /api/users/notifications
[2025-10-25T10:21:52.756Z] Incoming request: GET /api/users/myevents
[2025-10-25T10:21:52.818Z] Incoming request: GET /api/users/myevents
[2025-10-25T10:22:02.077Z] Incoming request: GET /api/users/myevents
[2025-10-25T10:22:02.218Z] Incoming request: GET /api/users/myevents
[2025-10-25T10:22:04.672Z] Incoming request: GET /api/users/notifications
[2025-10-25T10:22:04.778Z] Incoming request: GET /api/users/notifications
[2025-10-25T10:22:06.756Z] Incoming request: GET /api/users/me
[2025-10-25T10:22:06.826Z] Incoming request: GET /api/users/me
[2025-10-25T10:22:15.860Z] Incoming request: GET /api/users/notifications
[2025-10-25T10:22:15.990Z] Incoming request: GET /api/users/notifications
[2025-10-25T10:22:17.541Z] Incoming request: GET /api/users/myevents
[2025-10-25T10:22:17.623Z] Incoming request: GET /api/users/myevents
[2025-10-25T15:18:42.442Z] Incoming request: GET /api/users/myevents
[2025-10-25T15:18:42.835Z] Incoming request: GET /api/users/myevents
[2025-10-25T15:18:52.367Z] Incoming request: GET /api/users/notifications
[2025-10-25T15:18:52.638Z] Incoming request: GET /api/users/notifications
[2025-10-25T15:18:55.443Z] Incoming request: GET /api/users/myevents
[2025-10-25T15:18:55.793Z] Incoming request: GET /api/users/myevents
[2025-10-25T15:18:57.623Z] Incoming request: GET /api/users/me
[2025-10-25T15:18:57.978Z] Incoming request: GET /api/users/me
[2025-10-25T15:20:12.566Z] Incoming request: GET /api/users/myevents
[2025-10-25T15:20:12.594Z] Incoming request: GET /api/users/myevents
[2025-10-25T15:20:14.885Z] Incoming request: GET /api/users/me
[2025-10-25T15:20:15.249Z] Incoming request: GET /api/users/me
[2025-10-25T15:20:19.931Z] Incoming request: GET /api/users/notifications
[2025-10-25T15:20:20.269Z] Incoming request: GET /api/users/notifications
[2025-10-25T15:20:20.841Z] Incoming request: GET /api/users/myevents
[2025-10-25T15:20:21.185Z] Incoming request: GET /api/users/myevents
[2025-10-25T15:20:34.601Z] Incoming request: GET /api/users/myevents
[2025-10-25T15:20:34.645Z] Incoming request: GET /api/users/myevents
[2025-10-25T15:20:35.970Z] Incoming request: GET /api/users/notifications
[2025-10-25T15:20:36.232Z] Incoming request: GET /api/users/notifications
[2025-10-25T15:20:37.147Z] Incoming request: GET /api/users/notifications
[2025-10-25T15:20:37.505Z] Incoming request: GET /api/users/notifications
[2025-10-25T15:20:41.433Z] Incoming request: GET /api/users/notifications
[2025-10-25T15:20:41.642Z] Incoming request: GET /api/users/notifications
[2025-10-25T15:20:42.732Z] Incoming request: GET /api/users/me
[2025-10-25T15:20:42.763Z] Incoming request: GET /api/users/me
[2025-10-25T15:27:46.854Z] Incoming request: GET /api/users/myevents
[2025-10-25T15:27:47.204Z] Incoming request: GET /api/users/myevents
[2025-10-25T15:28:00.266Z] Incoming request: GET /api/users/myevents
[2025-10-25T15:28:00.608Z] Incoming request: GET /api/users/myevents
[2025-10-25T15:28:09.930Z] Incoming request: GET /api/users/myevents
[2025-10-25T15:28:10.279Z] Incoming request: GET /api/users/myevents
[2025-10-25T15:28:13.540Z] Incoming request: GET /api/users/notifications
[2025-10-25T15:28:13.906Z] Incoming request: GET /api/users/notifications
[2025-10-25T15:31:26.495Z] Incoming request: GET /api/users/notifications
[2025-10-25T15:31:26.544Z] Incoming request: GET /api/users/notifications
[2025-10-25T15:31:40.928Z] Incoming request: GET /api/users/me
[2025-10-25T15:31:41.302Z] Incoming request: GET /api/users/me
[2025-10-25T15:33:49.421Z] Incoming request: GET /api/users/notifications
[2025-10-25T15:33:49.794Z] Incoming request: GET /api/users/notifications
[2025-10-25T15:33:50.190Z] Incoming request: GET /api/users/me
[2025-10-25T15:33:50.530Z] Incoming request: GET /api/users/me
[2025-10-25T15:33:53.833Z] Incoming request: GET /api/users/myevents
[2025-10-25T15:33:54.181Z] Incoming request: GET /api/users/myevents
[2025-10-25T15:34:01.074Z] Incoming request: GET /api/users/notifications
[2025-10-25T15:34:01.465Z] Incoming request: GET /api/users/notifications
[2025-10-25T15:34:02.644Z] Incoming request: GET /api/users/me
[2025-10-25T15:34:03.022Z] Incoming request: GET /api/users/me
[2025-10-25T15:35:19.528Z] Incoming request: GET /api/users/myevents
[2025-10-25T15:35:19.799Z] Incoming request: GET /api/users/myevents
[2025-10-25T15:35:27.474Z] Incoming request: GET /api/users/notifications
[2025-10-25T15:35:27.820Z] Incoming request: GET /api/users/notifications
[2025-10-25T15:35:59.193Z] Incoming request: GET /api/users/myevents
[2025-10-25T15:35:59.584Z] Incoming request: GET /api/users/myevents
[2025-10-25T15:36:03.583Z] Incoming request: GET /api/users/myevents
[2025-10-25T15:36:03.936Z] Incoming request: GET /api/users/myevents
[2025-10-25T15:36:09.990Z] Incoming request: GET /api/users/notifications
[2025-10-25T15:36:10.386Z] Incoming request: GET /api/users/notifications
[2025-10-25T15:36:11.834Z] Incoming request: GET /api/users/me
[2025-10-25T15:36:12.192Z] Incoming request: GET /api/users/me
[2025-10-25T15:37:02.598Z] Incoming request: GET /api/users/notifications
[2025-10-25T15:37:02.847Z] Incoming request: GET /api/users/notifications
[2025-10-25T15:37:57.444Z] Incoming request: GET /api/users/notifications
[2025-10-25T15:37:57.490Z] Incoming request: GET /api/users/notifications
[2025-10-25T15:38:38.201Z] Incoming request: GET /api/users/notifications
[2025-10-25T15:38:38.557Z] Incoming request: GET /api/users/notifications
[2025-10-25T15:38:41.918Z] Incoming request: GET /api/users/myevents
[2025-10-25T15:38:45.875Z] Incoming request: GET /api/users/myevents
[2025-10-25T15:39:27.864Z] Incoming request: POST /api/users/myevents
[2025-10-25T15:39:28.070Z] Incoming request: POST /api/users/notifications
[2025-10-25T15:40:42.638Z] Incoming request: GET /api/users/myevents
[2025-10-25T15:40:42.890Z] Incoming request: GET /api/users/myevents
[2025-10-25T15:40:45.615Z] Incoming request: GET /api/users/notifications
[2025-10-25T15:40:45.963Z] Incoming request: GET /api/users/notifications
[2025-10-25T15:40:47.053Z] Incoming request: GET /api/users/me
[2025-10-25T15:40:47.321Z] Incoming request: GET /api/users/me
[2025-10-25T15:40:58.062Z] Incoming request: GET /api/users/myevents
[2025-10-25T15:40:58.410Z] Incoming request: GET /api/users/myevents
[2025-10-25T15:43:59.613Z] Incoming request: GET /api/users/myevents
[2025-10-25T15:43:59.646Z] Incoming request: GET /api/users/myevents
[2025-10-25T15:44:02.292Z] Incoming request: GET /api/users/notifications
[2025-10-25T15:44:02.557Z] Incoming request: GET /api/users/notifications
[2025-10-25T15:44:03.073Z] Incoming request: GET /api/users/me
[2025-10-25T15:44:03.426Z] Incoming request: GET /api/users/me
[2025-10-25T15:44:05.589Z] Incoming request: GET /api/users/notifications
[2025-10-25T15:44:05.956Z] Incoming request: GET /api/users/notifications
[2025-10-25T15:47:45.238Z] Incoming request: GET /main.9a314e9ca8b4140e7468.hot-update.json
[2025-10-25T15:53:29.097Z] Incoming request: GET /api/users/myevents
[2025-10-25T15:53:29.462Z] Incoming request: GET /api/users/myevents
[2025-10-25T15:53:32.046Z] Incoming request: GET /api/users/notifications
[2025-10-25T15:53:32.397Z] Incoming request: GET /api/users/notifications
[2025-10-25T15:53:53.549Z] Incoming request: GET /api/users/me
[2025-10-25T15:53:53.911Z] Incoming request: GET /api/users/me
[2025-10-25T15:53:56.529Z] Incoming request: GET /api/users/notifications
[2025-10-25T15:53:56.881Z] Incoming request: GET /api/users/notifications
[2025-10-25T15:54:23.311Z] Incoming request: GET /api/users/myevents
[2025-10-25T15:54:23.665Z] Incoming request: GET /api/users/myevents
[2025-10-25T15:54:25.752Z] Incoming request: GET /api/users/notifications
[2025-10-25T15:54:26.102Z] Incoming request: GET /api/users/notifications
[2025-10-25T15:54:26.890Z] Incoming request: GET /api/users/me
[2025-10-25T15:54:27.244Z] Incoming request: GET /api/users/me
[2025-10-25T15:54:34.124Z] Incoming request: GET /api/users/notifications
[2025-10-25T15:54:34.479Z] Incoming request: GET /api/users/notifications
[2025-10-25T15:54:37.670Z] Incoming request: GET /api/users/myevents
[2025-10-25T15:54:38.014Z] Incoming request: GET /api/users/myevents
[2025-10-25T15:55:36.535Z] Incoming request: GET /api/users/myevents
[2025-10-25T15:55:36.888Z] Incoming request: GET /api/users/myevents
[2025-10-25T15:55:39.998Z] Incoming request: GET /api/users/notifications
[2025-10-25T15:55:40.338Z] Incoming request: GET /api/users/notifications
[2025-10-25T15:55:43.909Z] Incoming request: GET /api/users/notifications
[2025-10-25T15:55:44.252Z] Incoming request: GET /api/users/notifications
[2025-10-25T15:55:59.461Z] Incoming request: GET /api/users/myevents
[2025-10-25T15:55:59.818Z] Incoming request: GET /api/users/myevents
[2025-10-25T15:56:01.018Z] Incoming request: GET /api/users/notifications
[2025-10-25T15:56:01.377Z] Incoming request: GET /api/users/notifications
[2025-10-25T15:56:05.163Z] Incoming request: GET /api/users/me
[2025-10-25T15:56:05.521Z] Incoming request: GET /api/users/me
[2025-10-25T15:56:06.185Z] Incoming request: GET /api/users/notifications
[2025-10-25T15:56:06.529Z] Incoming request: GET /api/users/notifications
[2025-10-25T15:56:07.154Z] Incoming request: GET /api/users/me
[2025-10-25T15:56:07.506Z] Incoming request: GET /api/users/me
[2025-10-25T15:56:08.712Z] Incoming request: GET /api/users/notifications
[2025-10-25T15:56:09.061Z] Incoming request: GET /api/users/notifications
[2025-10-25T15:56:10.465Z] Incoming request: GET /api/users/myevents
[2025-10-25T15:56:10.807Z] Incoming request: GET /api/users/myevents
[2025-10-25T15:56:12.279Z] Incoming request: GET /api/users/myevents
[2025-10-25T15:56:12.625Z] Incoming request: GET /api/users/myevents
[2025-10-25T15:56:13.711Z] Incoming request: GET /api/users/notifications
[2025-10-25T15:56:14.058Z] Incoming request: GET /api/users/notifications
[2025-10-25T15:56:14.312Z] Incoming request: GET /api/users/me
[2025-10-25T15:56:14.595Z] Incoming request: GET /api/users/me
[2025-10-25T15:56:15.287Z] Incoming request: GET /api/users/notifications
[2025-10-25T15:56:15.631Z] Incoming request: GET /api/users/notifications
[2025-10-25T15:56:17.334Z] Incoming request: GET /api/users/myevents
[2025-10-25T15:56:17.677Z] Incoming request: GET /api/users/myevents
[2025-10-29T03:49:37.148Z] Incoming request: POST /api/users/login
[2025-10-29T06:27:54.187Z] Incoming request: POST /api/users/login
[2025-10-29T06:27:56.505Z] Incoming request: GET /api/users/me
[2025-10-29T06:27:56.912Z] Incoming request: GET /api/users/me
[2025-10-29T06:27:58.468Z] Incoming request: GET /api/users/notifications
[2025-10-29T06:27:58.824Z] Incoming request: GET /api/users/notifications
[2025-10-29T06:28:08.834Z] Incoming request: GET /api/users/myevents
[2025-10-29T06:28:09.186Z] Incoming request: GET /api/users/myevents
[2025-10-29T06:28:26.262Z] Incoming request: GET /api/users/notifications
[2025-10-29T06:28:26.623Z] Incoming request: GET /api/users/notifications
[2025-10-29T06:28:26.909Z] Incoming request: GET /api/users/me
[2025-10-29T06:28:27.252Z] Incoming request: GET /api/users/me
[2025-10-29T06:28:27.800Z] Incoming request: GET /api/users/myevents
[2025-10-29T06:28:28.152Z] Incoming request: GET /api/users/myevents
[2025-10-29T06:28:32.376Z] Incoming request: GET /api/users/me
[2025-10-29T06:28:32.733Z] Incoming request: GET /api/users/me
[2025-10-30T15:59:16.889Z] Incoming request: POST /api/users/login
[2025-10-30T15:59:41.144Z] Incoming request: GET /api/users/myevents
[2025-10-30T15:59:41.503Z] Incoming request: GET /api/users/myevents
[2025-10-30T15:59:46.551Z] Incoming request: GET /api/users/notifications
[2025-10-30T15:59:46.809Z] Incoming request: GET /api/users/notifications
[2025-10-30T16:00:05.198Z] Incoming request: GET /api/users/myevents
[2025-10-30T16:00:05.543Z] Incoming request: GET /api/users/myevents
[2025-10-30T16:00:09.031Z] Incoming request: GET /api/users/myevents
[2025-10-30T16:00:09.373Z] Incoming request: GET /api/users/myevents
[2025-10-30T16:00:13.504Z] Incoming request: GET /api/users/notifications
[2025-10-30T16:00:13.858Z] Incoming request: GET /api/users/notifications
[2025-10-30T16:00:16.284Z] Incoming request: GET /api/users/me
[2025-10-30T16:00:16.644Z] Incoming request: GET /api/users/me
[2025-10-30T16:00:21.643Z] Incoming request: GET /api/users/notifications
[2025-10-30T16:00:21.984Z] Incoming request: GET /api/users/notifications
[2025-10-30T16:00:22.510Z] Incoming request: GET /api/users/me
[2025-10-30T16:00:22.855Z] Incoming request: GET /api/users/me
[2025-10-30T16:11:54.389Z] Incoming request: GET /api/users/myevents
[2025-10-30T16:11:54.637Z] Incoming request: GET /api/users/myevents
[2025-10-30T16:11:55.647Z] Incoming request: GET /api/users/notifications
[2025-10-30T16:11:55.995Z] Incoming request: GET /api/users/notifications
[2025-10-30T16:11:56.573Z] Incoming request: GET /api/users/me
[2025-10-30T16:11:56.930Z] Incoming request: GET /api/users/me
[2025-10-30T16:19:50.537Z] Incoming request: GET /api/users/myevents
[2025-10-30T16:19:50.789Z] Incoming request: GET /api/users/myevents
[2025-10-30T16:19:57.917Z] Incoming request: GET /api/users/notifications
[2025-10-30T16:19:58.274Z] Incoming request: GET /api/users/notifications
[2025-10-30T16:20:00.408Z] Incoming request: GET /api/users/me
[2025-10-30T16:20:00.754Z] Incoming request: GET /api/users/me
[2025-10-30T16:20:03.544Z] Incoming request: GET /api/users/notifications
[2025-10-30T16:20:03.890Z] Incoming request: GET /api/users/notifications
[2025-10-30T16:20:05.422Z] Incoming request: GET /api/users/myevents
[2025-10-30T16:20:05.753Z] Incoming request: GET /api/users/myevents
[2025-10-30T16:39:19.639Z] Incoming request: POST /api/users/login
[2025-10-30T16:39:23.465Z] Incoming request: GET /api/users/myevents
[2025-10-30T16:39:23.830Z] Incoming request: GET /api/users/myevents
[2025-10-30T16:39:25.944Z] Incoming request: GET /api/users/me
[2025-10-30T16:39:26.279Z] Incoming request: GET /api/users/me
[2025-10-30T16:39:28.308Z] Incoming request: GET /api/users/notifications
[2025-10-30T16:39:28.642Z] Incoming request: GET /api/users/notifications
[2025-10-30T16:39:31.193Z] Incoming request: GET /api/users/myevents
[2025-10-30T16:39:31.528Z] Incoming request: GET /api/users/myevents
[2025-10-30T16:40:05.093Z] Incoming request: GET /api/users/myevents
[2025-10-30T16:40:05.436Z] Incoming request: GET /api/users/myevents
[2025-10-30T16:40:06.606Z] Incoming request: GET /api/users/notifications
[2025-10-30T16:40:07.001Z] Incoming request: GET /api/users/notifications
[2025-10-30T16:40:28.332Z] Incoming request: GET /api/users/notifications
[2025-10-30T16:40:28.374Z] Incoming request: GET /api/users/notifications
[2025-10-30T16:40:29.372Z] Incoming request: GET /api/users/me
[2025-10-30T16:40:29.644Z] Incoming request: GET /api/users/me
[2025-10-30T16:40:48.887Z] Incoming request: POST /api/users/login
[2025-12-06T13:08:22.065Z] Incoming request: GET /api/users/myevents
[2025-12-06T13:08:22.089Z] Incoming request: GET /api/users/myevents
[2025-12-06T13:08:53.198Z] Incoming request: POST /api/users/myevents
[2025-12-06T13:12:41.198Z] Incoming request: POST /api/users/myevents
[2025-12-06T13:12:45.150Z] Incoming request: POST /api/users/myevents
[2025-12-06T13:13:30.061Z] Incoming request: GET /api/users/myevents
[2025-12-06T13:13:30.145Z] Incoming request: GET /api/users/myevents
[2025-12-06T13:13:33.957Z] Incoming request: GET /api/users/myevents
[2025-12-06T13:13:33.964Z] Incoming request: GET /api/users/myevents
[2025-12-06T13:13:40.215Z] Incoming request: GET /api/users/myevents
[2025-12-06T13:13:40.222Z] Incoming request: GET /api/users/myevents
[2025-12-06T13:13:56.394Z] Incoming request: POST /api/users/myevents
[2025-12-06T13:14:10.125Z] Incoming request: POST /api/users/login
[2025-12-06T13:14:10.652Z] Incoming request: GET /api/users/myevents
[2025-12-06T13:14:10.901Z] Incoming request: GET /api/users/myevents
[2025-12-06T13:14:14.386Z] Incoming request: GET /api/users/myevents
[2025-12-06T13:14:14.799Z] Incoming request: GET /api/users/myevents
[2025-12-06T13:14:49.635Z] Incoming request: POST /api/users/myevents
[2025-12-06T13:14:50.357Z] Incoming request: POST /api/users/notifications
[2025-12-06T13:14:58.246Z] Incoming request: GET /api/users/notifications
[2025-12-06T13:14:58.964Z] Incoming request: GET /api/users/notifications
[2025-12-06T13:15:04.162Z] Incoming request: GET /api/users/me
[2025-12-06T13:15:04.416Z] Incoming request: GET /api/users/me
[2025-12-06T13:16:52.062Z] Incoming request: GET /api/users/myevents
[2025-12-06T13:16:52.066Z] Incoming request: GET /api/users/myevents
[2025-12-06T13:16:56.139Z] Incoming request: POST /api/users/login
[2025-12-06T13:16:56.413Z] Incoming request: GET /api/users/myevents
[2025-12-06T13:16:56.510Z] Incoming request: GET /api/users/myevents
[2025-12-07T01:40:25.246Z] Incoming request: GET /api/users/myevents
[2025-12-07T01:40:25.260Z] Incoming request: GET /api/users/myevents
[2025-12-07T01:40:41.321Z] Incoming request: POST /api/users/login
[2025-12-07T01:40:41.564Z] Incoming request: GET /api/users/myevents
[2025-12-07T01:40:41.819Z] Incoming request: GET /api/users/myevents
[2025-12-07T01:40:46.569Z] Incoming request: GET /api/users/notifications
[2025-12-07T01:40:46.919Z] Incoming request: GET /api/users/notifications
[2025-12-07T01:40:50.643Z] Incoming request: GET /api/users/me
[2025-12-07T01:40:50.998Z] Incoming request: GET /api/users/me
[2025-12-07T01:42:15.522Z] Incoming request: POST /api/users/register
[2025-12-07T01:42:19.840Z] Incoming request: GET /api/users/me
[2025-12-07T01:42:20.184Z] Incoming request: GET /api/users/me
[2025-12-07T01:42:46.615Z] Incoming request: POST /api/users/login
[2025-12-07T01:42:47.079Z] Incoming request: GET /api/users/me
[2025-12-07T01:42:47.344Z] Incoming request: GET /api/users/me
[2025-12-07T01:57:24.363Z] Incoming request: POST /api/users/login
[2025-12-07T02:01:17.286Z] Incoming request: GET /api/users/me
[2025-12-07T02:01:17.525Z] Incoming request: GET /api/users/me
[2025-12-07T02:02:55.139Z] Incoming request: GET /api/users/myevents
[2025-12-07T02:02:55.402Z] Incoming request: GET /api/users/myevents
[2025-12-07T02:03:04.841Z] Incoming request: GET /api/users/notifications
[2025-12-07T02:03:05.089Z] Incoming request: GET /api/users/notifications
[2025-12-07T02:03:06.170Z] Incoming request: GET /api/users/me
[2025-12-07T02:03:06.536Z] Incoming request: GET /api/users/me
[2025-12-07T02:12:29.270Z] Incoming request: GET /api/users/myevents
[2025-12-07T02:12:29.627Z] Incoming request: GET /api/users/myevents
[2025-12-07T02:13:31.177Z] Incoming request: GET /api/users/myevents
[2025-12-07T02:13:31.448Z] Incoming request: GET /api/users/myevents
[2025-12-07T02:16:21.633Z] Incoming request: GET /api/users/myevents
[2025-12-07T02:16:21.984Z] Incoming request: GET /api/users/myevents
[2025-12-07T02:16:43.687Z] Incoming request: GET /api/users/notifications
[2025-12-07T02:16:49.986Z] Incoming request: GET /api/users/myevents
[2025-12-07T02:16:49.989Z] Incoming request: GET /api/users/notifications
[2025-12-07T02:16:50.242Z] Incoming request: GET /api/users/myevents
[2025-12-07T02:16:51.507Z] Incoming request: GET /api/users/notifications
[2025-12-07T02:16:51.863Z] Incoming request: GET /api/users/notifications
[2025-12-07T02:47:57.542Z] Incoming request: GET /api/users/notifications
[2025-12-07T02:47:57.790Z] Incoming request: GET /api/users/notifications
[2025-12-07T02:47:58.952Z] Incoming request: GET /api/users/me
[2025-12-07T02:47:59.346Z] Incoming request: GET /api/users/me
[2025-12-07T02:48:01.490Z] Incoming request: GET /api/users/myevents
[2025-12-07T02:48:01.872Z] Incoming request: GET /api/users/myevents
[2025-12-07T02:53:00.731Z] Incoming request: GET /api/users/notifications
[2025-12-07T02:53:00.992Z] Incoming request: GET /api/users/notifications
[2025-12-07T02:53:11.045Z] Incoming request: GET /api/users/myevents
[2025-12-07T02:53:11.575Z] Incoming request: GET /api/users/myevents
[2025-12-07T02:57:34.944Z] Incoming request: GET /api/users/myevents
[2025-12-07T02:57:35.191Z] Incoming request: GET /api/users/myevents
[2025-12-07T02:58:12.936Z] Incoming request: GET /api/users/notifications
[2025-12-07T02:58:13.619Z] Incoming request: GET /api/users/notifications
[2025-12-07T02:58:27.672Z] Incoming request: GET /api/users/me
[2025-12-07T02:58:28.251Z] Incoming request: GET /api/users/me
[2025-12-07T03:24:06.597Z] Incoming request: GET /api/users/myevents
[2025-12-07T03:24:06.864Z] Incoming request: GET /api/users/myevents
[2025-12-07T03:31:18.511Z] Incoming request: GET /api/users/myevents
[2025-12-07T03:31:18.763Z] Incoming request: GET /api/users/myevents
[2025-12-07T03:44:18.467Z] Incoming request: GET /api/users/myevents
[2025-12-07T03:44:18.754Z] Incoming request: GET /api/users/myevents
[2025-12-07T03:52:34.025Z] Incoming request: GET /api/users/myevents
[2025-12-07T03:52:34.273Z] Incoming request: GET /api/users/myevents
[2025-12-07T03:53:01.158Z] Incoming request: GET /api/users/notifications
[2025-12-07T03:53:01.541Z] Incoming request: GET /api/users/notifications
[2025-12-07T03:53:34.671Z] Incoming request: GET /api/users/me
[2025-12-07T03:53:35.052Z] Incoming request: GET /api/users/me
[2025-12-07T03:53:36.032Z] Incoming request: GET /api/users/notifications
[2025-12-07T03:53:36.405Z] Incoming request: GET /api/users/notifications
[2025-12-07T13:09:08.754Z] Incoming request: GET /api/users/myevents
[2025-12-07T13:09:08.984Z] Incoming request: GET /api/users/myevents
[2025-12-07T13:09:11.850Z] Incoming request: GET /api/users/notifications
[2025-12-07T13:09:12.229Z] Incoming request: GET /api/users/notifications
[2025-12-07T13:09:14.506Z] Incoming request: GET /api/users/myevents
[2025-12-07T13:09:15.176Z] Incoming request: GET /api/users/myevents
[2025-12-07T13:09:49.410Z] Incoming request: GET /api/users/myevents
[2025-12-07T13:09:49.672Z] Incoming request: GET /api/users/myevents
[2025-12-07T13:09:57.717Z] Incoming request: GET /api/users/notifications
[2025-12-07T13:09:58.111Z] Incoming request: GET /api/users/notifications
[2025-12-07T13:10:00.818Z] Incoming request: GET /api/users/me
[2025-12-07T13:10:01.514Z] Incoming request: GET /api/users/me
[2025-12-07T13:10:20.729Z] Incoming request: GET /api/users/notifications
[2025-12-07T13:10:20.981Z] Incoming request: GET /api/users/notifications
[2025-12-07T13:22:47.993Z] Incoming request: GET /api/users/myevents
[2025-12-07T13:22:48.245Z] Incoming request: GET /api/users/myevents
[2025-12-07T13:23:28.201Z] Incoming request: GET /api/users/myevents
[2025-12-07T13:23:28.606Z] Incoming request: GET /api/users/myevents
[2025-12-07T13:24:48.298Z] Incoming request: GET /api/users/notifications
[2025-12-07T13:24:48.562Z] Incoming request: GET /api/users/notifications
[2025-12-07T13:24:49.888Z] Incoming request: GET /api/users/myevents
[2025-12-07T13:24:50.283Z] Incoming request: GET /api/users/myevents
[2025-12-07T13:24:51.805Z] Incoming request: GET /api/users/notifications
[2025-12-07T13:24:52.198Z] Incoming request: GET /api/users/notifications
[2025-12-07T13:24:53.449Z] Incoming request: GET /api/users/myevents
[2025-12-07T13:24:53.845Z] Incoming request: GET /api/users/myevents
[2025-12-07T13:24:56.295Z] Incoming request: GET /api/users/notifications
[2025-12-07T13:24:56.696Z] Incoming request: GET /api/users/notifications
[2025-12-07T13:26:21.970Z] Incoming request: GET /api/users/myevents
[2025-12-07T13:26:22.233Z] Incoming request: GET /api/users/myevents
[2025-12-07T13:26:22.751Z] Incoming request: GET /api/users/notifications
[2025-12-07T13:26:23.179Z] Incoming request: GET /api/users/notifications
[2025-12-07T13:26:23.953Z] Incoming request: GET /api/users/myevents
[2025-12-07T13:26:24.998Z] Incoming request: GET /api/users/myevents
[2025-12-07T13:26:26.873Z] Incoming request: GET /api/users/notifications
[2025-12-07T13:26:27.601Z] Incoming request: GET /api/users/notifications
[2025-12-07T13:28:24.726Z] Incoming request: GET /api/users/myevents
[2025-12-07T13:28:24.976Z] Incoming request: GET /api/users/myevents
[2025-12-07T13:28:30.089Z] Incoming request: GET /api/users/myevents
[2025-12-07T13:28:31.105Z] Incoming request: GET /api/users/myevents
[2025-12-07T13:28:32.337Z] Incoming request: GET /api/users/notifications
[2025-12-07T13:28:32.745Z] Incoming request: GET /api/users/notifications
[2025-12-07T13:28:33.864Z] Incoming request: GET /api/users/myevents
[2025-12-07T13:28:34.591Z] Incoming request: GET /api/users/myevents
[2025-12-07T13:33:53.366Z] Incoming request: GET /api/users/me
[2025-12-07T13:33:54.401Z] Incoming request: GET /api/users/me
[2025-12-07T13:34:09.490Z] Incoming request: GET /api/users/notifications
[2025-12-07T13:34:17.079Z] Incoming request: GET /api/users/notifications
[2025-12-10T14:10:59.552Z] Incoming request: GET /api/users/myevents
[2025-12-10T14:10:59.645Z] Incoming request: GET /api/users/myevents
[2025-12-10T14:27:26.045Z] Incoming request: GET /api/users/myevents
[2025-12-10T14:27:26.281Z] Incoming request: GET /api/users/myevents
[2025-12-11T10:05:12.911Z] Incoming request: GET /api/users/myevents
[2025-12-11T10:05:13.116Z] Incoming request: GET /api/users/myevents
[2025-12-11T10:09:55.511Z] Incoming request: GET /api/users/myevents
[2025-12-11T10:09:55.773Z] Incoming request: GET /api/users/myevents
[2025-12-11T10:12:05.670Z] Incoming request: GET /api/users/myevents
[2025-12-11T10:12:05.715Z] Incoming request: GET /api/users/myevents
[2025-12-11T10:34:16.848Z] Incoming request: POST /api/users/notifications/subscribe
[2025-12-11T10:34:23.668Z] Incoming request: DELETE /api/users/notifications/subscribe/h3
[2025-12-11T10:36:26.250Z] Incoming request: POST /api/users/notifications/subscribe
[2025-12-11T10:36:29.284Z] Incoming request: DELETE /api/users/notifications/subscribe/s10
[2025-12-11T10:43:11.772Z] Incoming request: POST /api/users/notifications/subscribe
[2025-12-11T10:43:14.231Z] Incoming request: GET /api/users/myevents
[2025-12-11T10:43:14.602Z] Incoming request: GET /api/users/myevents
[2025-12-11T10:43:17.525Z] Incoming request: DELETE /api/users/notifications/subscribe/h3
[2025-12-11T10:46:56.981Z] Incoming request: GET /api/users/myevents
[2025-12-11T10:46:57.226Z] Incoming request: GET /api/users/myevents
[2025-12-11T10:47:01.919Z] Incoming request: GET /api/users/notifications
[2025-12-11T10:47:02.278Z] Incoming request: GET /api/users/notifications
[2025-12-11T10:47:04.050Z] Incoming request: GET /api/users/me
[2025-12-11T10:47:04.404Z] Incoming request: GET /api/users/me
[2025-12-11T10:49:54.666Z] Incoming request: GET /api/events
[2025-12-11T10:49:54.948Z] Incoming request: GET /api/events
[2025-12-11T10:50:03.232Z] Incoming request: GET /api/users/notifications
[2025-12-11T10:50:03.499Z] Incoming request: GET /api/users/notifications
[2025-12-11T10:50:08.386Z] Incoming request: GET /api/events
[2025-12-11T10:50:08.968Z] Incoming request: GET /api/events
[2025-12-11T10:50:15.667Z] Incoming request: POST /api/users/notifications/subscribe
[2025-12-11T10:50:16.700Z] Incoming request: POST /api/users/notifications/subscribe
[2025-12-11T10:50:17.175Z] Incoming request: POST /api/users/notifications/subscribe
[2025-12-11T10:50:20.204Z] Incoming request: GET /api/events
[2025-12-11T10:50:20.470Z] Incoming request: GET /api/events
[2025-12-11T10:51:44.926Z] Incoming request: GET /api/events
[2025-12-11T10:52:30.766Z] Incoming request: DELETE /api/users/notifications/subscribe/h3
[2025-12-11T10:52:31.885Z] Incoming request: DELETE /api/users/notifications/subscribe/i4
[2025-12-11T10:52:33.471Z] Incoming request: DELETE /api/users/notifications/subscribe/s2
[2025-12-11T10:52:34.578Z] Incoming request: POST /api/users/notifications/subscribe
[2025-12-11T10:52:36.122Z] Incoming request: POST /api/users/notifications/subscribe
[2025-12-11T10:52:38.601Z] Incoming request: GET /api/users/myevents
[2025-12-11T10:52:38.955Z] Incoming request: GET /api/users/myevents
[2025-12-11T10:52:40.390Z] Incoming request: GET /api/events
[2025-12-11T10:52:40.891Z] Incoming request: GET /api/events
[2025-12-11T10:52:55.280Z] Incoming request: GET /api/users/notifications
[2025-12-11T10:52:55.642Z] Incoming request: GET /api/users/notifications
[2025-12-11T10:53:27.515Z] Incoming request: GET /api/users/notifications
[2025-12-11T10:53:27.780Z] Incoming request: GET /api/users/notifications
[2025-12-11T10:58:47.152Z] Incoming request: GET /main.cd493a335c213e9fd64e.hot-update.json
[2025-12-11T10:59:06.445Z] Incoming request: GET /api/users/myevents
[2025-12-11T10:59:06.708Z] Incoming request: GET /api/users/myevents
[2025-12-11T10:59:16.759Z] Incoming request: DELETE /api/users/notifications/subscribe/h3
[2025-12-11T10:59:18.233Z] Incoming request: DELETE /api/users/notifications/subscribe/i4
[2025-12-11T10:59:19.338Z] Incoming request: POST /api/users/notifications/subscribe
[2025-12-11T10:59:20.775Z] Incoming request: POST /api/users/notifications/subscribe
[2025-12-11T10:59:46.025Z] Incoming request: DELETE /api/users/notifications/subscribe/h3
[2025-12-11T10:59:47.396Z] Incoming request: DELETE /api/users/notifications/subscribe/i4
[2025-12-11T11:02:05.462Z] Incoming request: POST /api/users/notifications/subscribe
[2025-12-11T11:02:06.628Z] Incoming request: POST /api/users/notifications/subscribe
[2025-12-11T11:02:08.009Z] Incoming request: POST /api/users/notifications/subscribe
[2025-12-11T11:02:23.200Z] Incoming request: DELETE /api/users/notifications/subscribe/s2
[2025-12-11T11:03:24.058Z] Incoming request: GET /api/users/myevents
[2025-12-11T11:03:24.336Z] Incoming request: GET /api/users/myevents
[2025-12-11T11:08:50.096Z] Incoming request: GET /api/users/myevents
[2025-12-11T11:08:50.345Z] Incoming request: GET /api/users/myevents
[2025-12-11T11:08:58.374Z] Incoming request: GET /api/users/me
[2025-12-11T11:08:58.718Z] Incoming request: GET /api/users/me
[2025-12-11T13:21:02.288Z] Incoming request: GET /main.6feedf358931d1d8b68d.hot-update.json
[2025-12-11T13:22:01.831Z] Incoming request: POST /api/users/notifications/subscribe
[2025-12-11T13:23:47.887Z] Incoming request: GET /api/users/myevents
[2025-12-11T13:23:48.159Z] Incoming request: GET /api/users/myevents
[2025-12-11T13:28:32.260Z] Incoming request: DELETE /api/users/notifications/subscribe/undefined
[2025-12-11T13:32:12.847Z] Incoming request: DELETE /api/users/notifications/subscribe/h3
[2025-12-11T13:32:15.402Z] Incoming request: DELETE /api/users/notifications/subscribe/i4
[2025-12-11T13:39:31.880Z] Incoming request: GET /api/users/myevents
[2025-12-11T13:39:32.145Z] Incoming request: GET /api/users/myevents
[2025-12-11T13:40:17.511Z] Incoming request: POST /api/users/notifications/subscribe
[2025-12-11T13:40:18.499Z] Incoming request: POST /api/users/notifications/subscribe
[2025-12-11T13:40:21.500Z] Incoming request: GET /api/users/me
[2025-12-11T13:40:21.857Z] Incoming request: GET /api/users/me
[2025-12-11T13:43:20.648Z] Incoming request: GET /main.f4026167359176ea5476.hot-update.json
[2025-12-11T13:46:56.631Z] Incoming request: GET /api/users/myevents
[2025-12-11T13:46:56.660Z] Incoming request: GET /api/users/myevents
[2025-12-11T13:48:11.185Z] Incoming request: GET /api/users/myevents
[2025-12-11T13:48:11.438Z] Incoming request: GET /api/users/myevents
[2025-12-11T13:48:14.488Z] Incoming request: GET /api/users/me
[2025-12-11T13:48:14.817Z] Incoming request: GET /api/users/me
[2025-12-11T13:48:30.367Z] Incoming request: POST /api/users/login
[2025-12-11T13:48:31.005Z] Incoming request: GET /api/users/me
[2025-12-11T13:48:31.254Z] Incoming request: GET /api/users/me
[2025-12-11T13:48:33.337Z] Incoming request: GET /api/users/myevents
[2025-12-11T13:48:33.682Z] Incoming request: GET /api/users/myevents
[2025-12-11T13:51:15.313Z] Incoming request: GET /api/users/myevents
[2025-12-11T13:51:15.565Z] Incoming request: GET /api/users/myevents
[2025-12-11T13:55:49.058Z] Incoming request: GET /api/users/myevents
[2025-12-11T13:55:49.313Z] Incoming request: GET /api/users/myevents
[2025-12-11T13:57:14.399Z] Incoming request: GET /api/users/myevents
[2025-12-11T13:57:14.656Z] Incoming request: GET /api/users/myevents
[2025-12-11T14:05:55.360Z] Incoming request: GET /api/users/myevents
[2025-12-11T14:05:55.619Z] Incoming request: GET /api/users/myevents
[2025-12-11T14:17:03.373Z] Incoming request: GET /api/users/myevents
[2025-12-11T14:17:03.638Z] Incoming request: GET /api/users/myevents
[2025-12-11T14:18:52.199Z] Incoming request: GET /api/users/myevents
[2025-12-11T14:18:52.460Z] Incoming request: GET /api/users/myevents
[2025-12-11T14:19:58.487Z] Incoming request: GET /api/users/myevents
[2025-12-11T14:19:58.736Z] Incoming request: GET /api/users/myevents
[2025-12-12T02:00:54.159Z] Incoming request: POST /api/users/login
[2025-12-12T02:00:59.845Z] Incoming request: GET /api/users/myevents
[2025-12-12T02:01:00.197Z] Incoming request: GET /api/users/myevents
[2025-12-12T02:05:10.672Z] Incoming request: GET /api/users/myevents
[2025-12-12T02:05:11.018Z] Incoming request: GET /api/users/myevents
[2025-12-12T02:05:26.396Z] Incoming request: GET /api/users/myevents
[2025-12-12T02:05:26.735Z] Incoming request: GET /api/users/myevents
[2025-12-12T02:57:37.725Z] Incoming request: GET /api/users/me
[2025-12-12T02:57:37.984Z] Incoming request: GET /api/users/me
[2025-12-12T02:57:42.284Z] Incoming request: GET /api/users/me
[2025-12-12T02:57:42.638Z] Incoming request: GET /api/users/me
[2025-12-16T12:32:07.227Z] Incoming request: GET /api/users/myevents
[2025-12-16T12:32:07.405Z] Incoming request: GET /api/users/myevents
[2025-12-16T12:32:32.654Z] Incoming request: GET /api/users/myevents
[2025-12-16T12:32:33.012Z] Incoming request: GET /api/users/myevents
[2025-12-16T12:32:46.472Z] Incoming request: GET /api/users/myevents
[2025-12-16T12:32:46.812Z] Incoming request: GET /api/users/myevents
[2025-12-16T12:32:52.149Z] Incoming request: POST /api/users/notifications/subscribe
[2025-12-16T12:33:06.056Z] Incoming request: GET /api/users/me
[2025-12-16T12:33:06.314Z] Incoming request: GET /api/users/me
[2025-12-16T12:41:11.258Z] Incoming request: POST /api/users/notifications/subscribe
[2025-12-16T12:50:08.879Z] Incoming request: POST /api/users/login
[2025-12-16T13:05:06.592Z] Incoming request: GET /main.971a0187d90fc5593d4a.hot-update.json
[2025-12-16T13:39:53.679Z] Incoming request: POST /api/users/login
[2025-12-16T13:52:44.391Z] Incoming request: GET /api/users/myevents
[2025-12-16T13:52:44.741Z] Incoming request: GET /api/users/myevents
[2025-12-16T13:55:40.856Z] Incoming request: GET /api/users/myevents
[2025-12-16T13:55:40.923Z] Incoming request: GET /api/users/myevents
[2025-12-16T13:55:45.649Z] Incoming request: GET /api/users/myevents
[2025-12-16T13:55:45.942Z] Incoming request: GET /api/users/myevents
[2025-12-16T13:56:41.422Z] Incoming request: GET /api/users/myevents
[2025-12-16T13:56:41.731Z] Incoming request: GET /api/users/myevents
[2025-12-16T13:57:44.555Z] Incoming request: POST /api/users/myevents
[2025-12-16T13:57:44.865Z] Incoming request: POST /api/users/notifications
[2025-12-16T13:58:04.118Z] Incoming request: GET /api/users/myevents
[2025-12-16T13:58:04.423Z] Incoming request: GET /api/users/myevents
[2025-12-16T13:58:13.130Z] Incoming request: DELETE /api/users/myevents/3
[2025-12-16T13:59:50.878Z] Incoming request: GET /api/users/myevents
[2025-12-16T13:59:51.132Z] Incoming request: GET /api/users/myevents
[2025-12-16T14:00:04.289Z] Incoming request: GET /api/users/myevents
[2025-12-16T14:00:04.555Z] Incoming request: GET /api/users/myevents
[2025-12-18T07:22:32.800Z] Incoming request: GET /api/users/myevents
[2025-12-18T07:22:33.176Z] Incoming request: GET /api/users/myevents
[2025-12-18T07:55:50.211Z] Incoming request: POST /api/users/login
[2025-12-18T08:01:10.282Z] Incoming request: POST /api/users/login
[2025-12-18T08:01:21.299Z] Incoming request: GET /api/users/myevents
[2025-12-18T08:01:21.651Z] Incoming request: GET /api/users/myevents
[2025-12-18T08:02:31.240Z] Incoming request: GET /api/users/myevents
[2025-12-18T08:02:31.272Z] Incoming request: GET /api/users/myevents
[2025-12-18T08:02:36.313Z] Incoming request: GET /api/users/me
[2025-12-18T08:02:36.574Z] Incoming request: GET /api/users/me
[2025-12-18T08:04:47.291Z] Incoming request: GET /api/users/myevents
[2025-12-18T08:04:47.553Z] Incoming request: GET /api/users/myevents
[2025-12-28T04:42:13.025Z] Incoming request: POST /api/users/login
[2025-12-28T04:43:03.615Z] Incoming request: POST /api/users/login
[2025-12-28T04:43:12.226Z] Incoming request: GET /api/users/myevents
[2025-12-28T04:43:12.473Z] Incoming request: GET /api/users/myevents
[2025-12-28T04:49:02.310Z] Incoming request: POST /api/users/login
[2025-12-28T04:49:02.582Z] Incoming request: GET /api/users/myevents
[2025-12-28T04:49:02.928Z] Incoming request: GET /api/users/myevents
